SF:lib/data/auth/auth_token_manager.dart
DA:13,0
DA:15,0
DA:16,0
DA:17,0
DA:20,0
DA:21,0
DA:22,0
DA:25,0
DA:26,0
DA:29,0
DA:30,0
DA:33,0
DA:34,0
DA:37,0
DA:38,0
DA:41,0
DA:42,0
DA:43,0
DA:44,0
DA:45,0
LF:20
LH:0
end_of_record
SF:lib/data/network/auth_interceptor.dart
DA:11,1
DA:13,0
DA:18,0
DA:19,0
DA:20,0
DA:22,0
DA:25,1
DA:27,2
DA:30,3
DA:31,0
DA:32,0
DA:34,0
DA:38,1
DA:40,2
DA:42,0
DA:43,0
DA:47,2
DA:49,1
DA:52,2
DA:54,2
DA:55,1
DA:56,1
DA:60,2
DA:61,0
DA:64,0
DA:65,0
DA:68,2
DA:69,1
DA:72,0
LF:29
LH:15
end_of_record
SF:lib/data/models/auth/login_model.dart
DA:13,1
DA:19,2
DA:21,0
DA:23,0
DA:24,0
DA:25,0
DA:26,0
DA:27,0
LF:8
LH:2
end_of_record
SF:lib/data/models/auth/login_model.g.dart
DA:9,2
DA:10,1
DA:11,1
DA:12,1
DA:14,0
DA:15,0
DA:18,0
DA:19,0
DA:20,0
DA:21,0
DA:22,0
LF:11
LH:4
end_of_record
SF:lib/data/models/auth/restaurant_model.dart
DA:11,0
DA:16,0
DA:18,0
DA:20,0
DA:21,0
DA:22,0
DA:23,0
LF:7
LH:0
end_of_record
SF:lib/data/models/auth/restaurant_model.g.dart
DA:9,0
DA:10,0
DA:11,0
DA:12,0
DA:15,0
DA:16,0
DA:17,0
DA:18,0
LF:8
LH:0
end_of_record
SF:lib/domain/entities/auth/login_entity.dart
DA:9,0
DA:15,0
DA:16,0
LF:3
LH:0
end_of_record
SF:lib/domain/entities/auth/restaurant_entity.dart
DA:7,0
DA:12,0
DA:13,0
LF:3
LH:0
end_of_record
SF:lib/app/ui/phone_number_input/phone_number_input_event.dart
DA:11,0
DA:17,0
LF:2
LH:0
end_of_record
SF:lib/domain/entities/lookup/employee_match.dart
DA:7,0
LF:1
LH:0
end_of_record
SF:lib/app/ui/phone_number_input/phone_number_input_ui_state.dart
DA:16,0
DA:22,0
DA:28,0
DA:34,0
DA:40,0
LF:5
LH:0
end_of_record
SF:lib/domain/entities/check_in/kiosk_check_in.dart
DA:14,0
LF:1
LH:0
end_of_record
SF:lib/domain/entities/status/kiosk_status.dart
DA:5,0
DA:10,0
DA:13,0
DA:14,0
DA:15,0
DA:16,0
DA:18,0
DA:19,0
LF:8
LH:0
end_of_record
SF:lib/app/ui/phone_number_input/phone_number_input_view_model.dart
DA:20,0
DA:30,0
DA:32,0
DA:33,0
DA:34,0
DA:37,0
DA:39,0
DA:40,0
DA:42,0
DA:43,0
DA:45,0
DA:46,0
DA:51,0
DA:52,0
DA:54,0
DA:55,0
DA:56,0
DA:59,0
DA:63,0
DA:64,0
DA:66,0
DA:72,0
DA:73,0
DA:74,0
DA:76,0
DA:77,0
DA:79,0
DA:80,0
DA:85,0
DA:86,0
DA:88,0
DA:91,0
DA:95,0
DA:100,0
DA:101,0
DA:102,0
DA:103,0
DA:104,0
DA:105,0
DA:107,0
DA:110,0
DA:111,0
DA:113,0
DA:114,0
DA:119,0
DA:120,0
DA:122,0
DA:123,0
DA:124,0
DA:127,0
DA:131,0
DA:132,0
DA:138,0
DA:139,0
DA:140,0
DA:141,0
DA:142,0
DA:143,0
DA:145,0
DA:148,0
DA:149,0
DA:151,0
DA:152,0
LF:63
LH:0
end_of_record
SF:lib/domain/usecases/get_employee_candidates_usecase.dart
DA:8,0
DA:10,0
DA:14,0
LF:3
LH:0
end_of_record
SF:lib/domain/usecases/get_kiosk_status_usecase.dart
DA:8,0
DA:10,0
DA:15,0
LF:3
LH:0
end_of_record
SF:lib/domain/usecases/kiosk_check_in_usecase.dart
DA:8,0
DA:10,0
DA:16,0
LF:3
LH:0
end_of_record
SF:lib/domain/entities/check_in/company.dart
DA:5,0
LF:1
LH:0
end_of_record
SF:lib/domain/entities/check_in/employee.dart
DA:5,0
LF:1
LH:0
end_of_record
SF:lib/domain/entities/lookup/employee_lookup.dart
DA:7,0
LF:1
LH:0
end_of_record
SF:lib/domain/utils/result.dart
DA:2,0
DA:4,0
DA:5,0
DA:6,0
DA:8,0
DA:13,0
DA:14,0
DA:15,0
DA:16,0
DA:17,0
DA:18,0
DA:20,0
DA:25,0
DA:31,0
DA:38,0
LF:15
LH:0
end_of_record
