SF:lib/app/ui/phone_number_input/phone_number_input_event.dart
DA:11,1
DA:17,1
LF:2
LH:2
end_of_record
SF:lib/app/ui/phone_number_input/phone_number_input_ui_state.dart
DA:16,1
DA:22,1
DA:28,1
DA:34,1
DA:40,1
LF:5
LH:5
end_of_record
SF:lib/app/ui/phone_number_input/phone_number_input_view_model.dart
DA:20,1
DA:30,2
DA:32,1
DA:33,1
DA:34,1
DA:37,1
DA:39,1
DA:40,1
DA:42,1
DA:43,2
DA:45,1
DA:46,2
DA:51,1
DA:52,2
DA:54,2
DA:55,2
DA:56,2
DA:59,0
DA:63,2
DA:64,1
DA:66,2
DA:72,1
DA:73,1
DA:74,2
DA:76,0
DA:77,0
DA:79,0
DA:80,0
DA:85,1
DA:86,2
DA:88,2
DA:91,0
DA:95,2
DA:100,1
DA:101,1
DA:102,2
DA:103,2
DA:104,3
DA:105,3
DA:107,3
DA:110,0
DA:111,0
DA:113,0
DA:114,0
DA:119,1
DA:120,2
DA:122,2
DA:123,2
DA:124,2
DA:127,0
DA:131,2
DA:132,1
DA:138,1
DA:139,1
DA:140,2
DA:141,2
DA:142,2
DA:143,3
DA:145,0
DA:148,0
DA:149,0
DA:151,0
DA:152,0
LF:63
LH:47
end_of_record
SF:lib/domain/entities/check_in/kiosk_check_in.dart
DA:14,2
LF:1
LH:1
end_of_record
SF:lib/domain/entities/lookup/employee_lookup.dart
DA:7,2
LF:1
LH:1
end_of_record
SF:lib/domain/entities/lookup/employee_match.dart
DA:7,1
LF:1
LH:1
end_of_record
SF:lib/domain/entities/status/kiosk_status.dart
DA:5,2
DA:10,1
DA:13,0
DA:14,0
DA:15,0
DA:16,0
DA:18,0
DA:19,0
LF:8
LH:2
end_of_record
SF:lib/domain/usecases/get_employee_candidates_usecase.dart
DA:8,0
DA:10,0
DA:14,0
LF:3
LH:0
end_of_record
SF:lib/domain/usecases/get_kiosk_status_usecase.dart
DA:8,0
DA:10,0
DA:15,0
LF:3
LH:0
end_of_record
SF:lib/domain/usecases/kiosk_check_in_usecase.dart
DA:8,0
DA:10,0
DA:16,0
LF:3
LH:0
end_of_record
SF:lib/data/auth/auth_token_manager.dart
DA:13,0
DA:15,0
DA:16,0
DA:17,0
DA:20,0
DA:21,0
DA:22,0
DA:25,0
DA:26,0
DA:29,0
DA:30,0
DA:33,0
DA:34,0
DA:37,0
DA:38,0
DA:41,0
DA:42,0
DA:43,0
DA:44,0
DA:45,0
LF:20
LH:0
end_of_record
SF:lib/domain/utils/result.dart
DA:2,2
DA:4,4
DA:5,2
DA:6,2
DA:8,2
DA:13,2
DA:14,4
DA:15,1
DA:16,3
DA:17,1
DA:18,2
DA:20,0
DA:25,2
DA:31,1
DA:38,1
LF:15
LH:14
end_of_record
SF:lib/domain/entities/auth/login_entity.dart
DA:9,3
DA:15,0
DA:16,0
LF:3
LH:1
end_of_record
SF:lib/domain/entities/auth/restaurant_entity.dart
DA:7,3
DA:12,0
DA:13,0
LF:3
LH:1
end_of_record
SF:lib/domain/entities/check_in/company.dart
DA:5,0
LF:1
LH:0
end_of_record
SF:lib/domain/entities/check_in/employee.dart
DA:5,0
LF:1
LH:0
end_of_record
SF:lib/app/ui/login/login_view_model.dart
DA:15,2
DA:17,1
DA:19,1
DA:20,1
DA:21,2
DA:22,1
DA:24,2
DA:25,3
DA:28,1
DA:29,1
DA:30,1
DA:31,2
DA:32,2
DA:40,2
DA:41,1
DA:43,1
DA:44,3
DA:45,1
DA:47,1
DA:48,2
DA:49,1
DA:55,1
DA:56,2
DA:57,1
LF:24
LH:24
end_of_record
SF:lib/app/ui/login/login_ui_state.dart
DA:12,1
DA:18,1
LF:2
LH:2
end_of_record
SF:lib/app/ui/login/login_event.dart
DA:7,1
LF:1
LH:1
end_of_record
SF:lib/domain/usecases/login_usecase.dart
DA:10,0
DA:12,0
DA:15,0
DA:16,0
DA:17,0
DA:18,0
DA:19,0
DA:21,0
DA:22,0
LF:9
LH:0
end_of_record
SF:lib/app/router/app_router.dart
DA:16,1
DA:17,2
DA:19,1
DA:20,1
DA:22,0
DA:26,1
DA:28,0
DA:32,1
DA:34,0
DA:39,0
DA:43,1
DA:45,2
DA:46,2
DA:49,2
LF:14
LH:10
end_of_record
SF:lib/data/models/auth/login_model.dart
DA:13,1
DA:19,2
DA:21,0
DA:23,0
DA:24,0
DA:25,0
DA:26,0
DA:27,0
LF:8
LH:2
end_of_record
SF:lib/data/models/auth/login_model.g.dart
DA:9,2
DA:10,1
DA:11,1
DA:12,1
DA:14,1
DA:15,1
DA:18,0
DA:19,0
DA:20,0
DA:21,0
DA:22,0
LF:11
LH:6
end_of_record
SF:lib/data/models/auth/restaurant_model.dart
DA:11,1
DA:16,2
DA:18,0
DA:20,0
DA:21,0
DA:22,0
DA:23,0
LF:7
LH:2
end_of_record
SF:lib/data/models/auth/restaurant_model.g.dart
DA:9,1
DA:10,1
DA:11,2
DA:12,1
DA:15,0
DA:16,0
DA:17,0
DA:18,0
LF:8
LH:4
end_of_record
SF:lib/data/network/auth_interceptor.dart
DA:11,1
DA:13,1
DA:18,2
DA:19,2
DA:20,3
DA:22,1
DA:25,1
DA:27,2
DA:30,3
DA:31,1
DA:32,2
DA:34,1
DA:38,1
DA:40,2
DA:42,2
DA:43,1
DA:47,2
DA:49,1
DA:52,2
DA:54,2
DA:55,1
DA:56,1
DA:60,2
DA:61,4
DA:64,3
DA:65,1
DA:68,2
DA:69,1
DA:72,1
LF:29
LH:29
end_of_record
SF:lib/app/ui/login/login_screen.dart
DA:13,1
DA:15,0
DA:16,0
DA:41,0
DA:43,0
DA:44,0
DA:46,0
DA:47,0
DA:51,0
DA:53,0
DA:54,0
DA:56,0
DA:57,0
DA:59,0
DA:60,0
DA:63,0
DA:64,0
DA:66,0
DA:67,0
DA:70,0
DA:71,0
DA:74,0
DA:76,0
DA:81,0
DA:83,0
DA:86,0
DA:87,0
DA:88,0
DA:89,0
DA:90,0
DA:92,0
DA:95,0
DA:97,0
DA:98,0
DA:100,0
DA:102,0
DA:103,0
DA:104,0
DA:106,0
DA:110,0
DA:111,0
DA:112,0
DA:114,0
DA:117,0
DA:118,0
DA:120,0
DA:122,0
DA:124,0
DA:128,0
DA:130,0
DA:132,0
DA:134,0
DA:141,0
DA:143,0
DA:145,0
DA:146,0
DA:147,0
DA:148,0
DA:150,0
DA:151,0
DA:152,0
DA:153,0
DA:155,0
DA:164,0
DA:165,0
DA:167,0
DA:169,0
DA:170,0
DA:171,0
DA:174,0
DA:175,0
DA:176,0
DA:179,0
DA:181,0
DA:182,0
DA:185,0
DA:202,0
DA:203,0
DA:204,0
DA:206,0
DA:207,0
DA:208,0
DA:209,0
DA:210,0
DA:211,0
DA:212,0
DA:213,0
DA:214,0
DA:215,0
DA:216,0
DA:221,0
DA:222,0
DA:223,0
DA:231,0
DA:233,0
DA:236,0
DA:238,0
DA:240,0
DA:242,0
DA:246,0
DA:247,0
DA:248,0
DA:250,0
DA:253,0
DA:254,0
DA:255,0
DA:257,0
DA:261,0
DA:263,0
DA:266,0
DA:269,0
DA:270,0
DA:271,0
DA:272,0
DA:274,0
DA:275,0
DA:276,0
DA:278,0
DA:279,0
DA:281,0
DA:282,0
DA:283,0
DA:286,0
DA:287,0
DA:291,0
DA:292,0
DA:296,0
DA:297,0
DA:298,0
LF:129
LH:1
end_of_record
SF:lib/app/ui/phone_number_input/phone_number_input_screen.dart
DA:14,1
DA:16,0
DA:17,0
DA:30,0
DA:32,0
DA:33,0
DA:34,0
DA:36,0
DA:39,0
DA:41,0
DA:42,0
DA:45,0
DA:46,0
DA:48,0
DA:50,0
DA:55,0
DA:56,0
DA:57,0
DA:58,0
DA:59,0
DA:61,0
DA:62,0
DA:65,0
DA:66,0
DA:67,0
DA:69,0
DA:70,0
DA:76,0
DA:77,0
DA:78,0
DA:80,0
DA:81,0
DA:82,0
DA:83,0
DA:84,0
DA:86,0
DA:87,0
DA:88,0
DA:89,0
DA:91,0
DA:95,0
DA:96,0
DA:97,0
DA:98,0
DA:103,0
DA:104,0
DA:105,0
DA:106,0
DA:111,0
DA:112,0
DA:113,0
DA:117,0
DA:118,0
DA:119,0
DA:123,0
DA:124,0
DA:127,0
DA:129,0
DA:130,0
DA:133,0
DA:137,0
DA:141,0
DA:142,0
DA:143,0
DA:144,0
DA:145,0
DA:147,0
DA:149,0
DA:152,0
DA:154,0
DA:155,0
DA:162,0
DA:163,0
DA:164,0
DA:165,0
DA:167,0
DA:168,0
DA:173,0
DA:175,0
DA:176,0
DA:181,0
DA:183,0
DA:184,0
DA:192,0
DA:195,0
DA:197,0
DA:199,0
DA:200,0
DA:201,0
DA:203,0
DA:206,0
DA:208,0
DA:209,0
DA:210,0
DA:211,0
DA:218,0
DA:219,0
DA:220,0
DA:221,0
DA:222,0
DA:224,0
DA:242,0
DA:244,0
DA:246,0
DA:247,0
DA:249,0
DA:250,0
DA:251,0
DA:252,0
DA:253,0
DA:254,0
DA:257,0
DA:258,0
DA:259,0
DA:260,0
DA:261,0
DA:263,0
DA:269,0
DA:270,0
DA:272,0
DA:277,0
DA:278,0
DA:280,0
DA:282,0
DA:294,0
DA:297,0
DA:299,0
DA:300,0
DA:302,0
DA:303,0
DA:305,0
DA:307,0
DA:308,0
DA:312,0
DA:314,0
DA:315,0
DA:326,0
DA:327,0
DA:328,0
DA:329,0
DA:330,0
DA:331,0
DA:332,0
DA:333,0
DA:338,0
DA:339,0
DA:342,0
DA:345,0
DA:353,0
DA:354,0
DA:355,0
DA:356,0
DA:358,0
DA:359,0
DA:360,0
DA:362,0
DA:364,0
DA:365,0
DA:367,0
DA:368,0
DA:379,0
DA:380,0
DA:381,0
DA:382,0
DA:384,0
DA:386,0
DA:387,0
LF:167
LH:1
end_of_record
SF:lib/app/ui/success/success_screen.dart
DA:7,1
DA:9,0
DA:10,0
DA:22,0
DA:24,0
DA:27,0
DA:32,0
DA:33,0
DA:37,0
DA:38,0
DA:43,0
DA:46,0
DA:49,0
DA:55,0
DA:56,0
DA:57,0
DA:58,0
DA:59,0
DA:60,0
DA:61,0
DA:66,0
DA:67,0
DA:68,0
DA:69,0
DA:72,0
DA:73,0
DA:75,0
DA:76,0
DA:82,0
DA:84,0
DA:85,0
DA:86,0
DA:89,0
DA:91,0
DA:93,0
DA:94,0
DA:95,0
DA:97,0
DA:98,0
DA:111,0
DA:112,0
DA:115,0
DA:117,0
DA:118,0
DA:119,0
DA:120,0
DA:121,0
DA:122,0
DA:123,0
DA:124,0
DA:126,0
DA:127,0
DA:128,0
DA:129,0
DA:135,0
DA:136,0
DA:137,0
DA:138,0
DA:139,0
DA:149,0
DA:150,0
DA:152,0
DA:153,0
DA:157,0
DA:159,0
DA:168,0
DA:170,0
DA:172,0
DA:173,0
DA:179,0
DA:180,0
DA:182,0
DA:183,0
DA:189,0
DA:191,0
DA:192,0
DA:193,0
DA:194,0
DA:196,0
DA:198,0
DA:199,0
DA:201,0
DA:203,0
DA:204,0
DA:205,0
DA:206,0
DA:211,0
DA:213,0
DA:214,0
DA:226,0
DA:227,0
DA:228,0
DA:229,0
DA:230,0
DA:232,0
DA:233,0
DA:235,0
DA:238,0
DA:239,0
DA:240,0
DA:241,0
DA:242,0
DA:248,0
DA:251,0
DA:252,0
DA:253,0
DA:254,0
DA:255,0
LF:108
LH:1
end_of_record
SF:lib/di/injection.dart
DA:15,0
DA:17,0
DA:23,0
DA:28,0
DA:29,0
DA:31,0
DA:33,0
DA:36,0
DA:38,0
DA:41,0
DA:43,0
DA:46,0
DA:48,0
DA:51,0
DA:52,0
DA:54,0
DA:55,0
LF:17
LH:0
end_of_record
SF:lib/app/ui/select_name/select_name_dialog.dart
DA:11,0
DA:17,0
DA:19,0
DA:21,0
DA:22,0
DA:23,0
DA:24,0
DA:26,0
DA:28,0
DA:30,0
DA:32,0
DA:34,0
DA:35,0
DA:46,0
DA:48,0
DA:49,0
DA:54,0
DA:69,0
DA:70,0
DA:73,0
DA:74,0
DA:75,0
DA:76,0
DA:78,0
DA:80,0
DA:81,0
DA:82,0
DA:89,0
DA:91,0
DA:93,0
DA:95,0
DA:96,0
DA:97,0
DA:99,0
DA:102,0
DA:103,0
DA:106,0
DA:108,0
DA:109,0
DA:128,0
DA:133,0
DA:135,0
DA:137,0
DA:138,0
DA:139,0
DA:140,0
DA:141,0
DA:143,0
DA:144,0
DA:145,0
DA:146,0
DA:148,0
DA:149,0
DA:150,0
DA:151,0
DA:152,0
DA:157,0
DA:158,0
DA:159,0
DA:160,0
DA:161,0
DA:162,0
DA:168,0
DA:170,0
LF:64
LH:0
end_of_record
SF:lib/data/models/check_in/company_model.dart
DA:10,0
DA:15,0
DA:16,0
LF:3
LH:0
end_of_record
SF:lib/data/models/check_in/company_model.g.dart
DA:9,0
DA:10,0
DA:11,0
DA:14,0
DA:15,0
DA:16,0
DA:17,0
LF:7
LH:0
end_of_record
SF:lib/data/models/check_in/employee_model.dart
DA:10,0
DA:15,0
DA:16,0
LF:3
LH:0
end_of_record
SF:lib/data/models/check_in/employee_model.g.dart
DA:9,0
DA:10,0
DA:11,0
DA:12,0
DA:15,0
DA:16,0
DA:17,0
DA:18,0
LF:8
LH:0
end_of_record
SF:lib/data/models/check_in/kiosk_check_in_model.dart
DA:18,0
DA:29,0
DA:30,0
LF:3
LH:0
end_of_record
SF:lib/data/models/check_in/kiosk_check_in_model.g.dart
DA:9,0
DA:10,0
DA:11,0
DA:12,0
DA:13,0
DA:14,0
DA:16,0
DA:17,0
DA:18,0
DA:19,0
DA:22,0
DA:23,0
DA:24,0
DA:25,0
DA:26,0
DA:27,0
DA:28,0
DA:29,0
DA:30,0
DA:31,0
LF:20
LH:0
end_of_record
SF:lib/data/models/common_model.dart
DA:10,0
DA:15,0
DA:17,0
LF:3
LH:0
end_of_record
SF:lib/data/models/common_model.g.dart
DA:9,0
DA:10,0
DA:11,0
DA:14,0
DA:15,0
DA:16,0
DA:17,0
LF:7
LH:0
end_of_record
SF:lib/data/models/lookup/employee_lookup_model.dart
DA:11,0
DA:16,0
DA:17,0
LF:3
LH:0
end_of_record
SF:lib/data/models/lookup/employee_lookup_model.g.dart
DA:9,0
DA:10,0
DA:11,0
DA:12,0
DA:13,0
DA:14,0
DA:17,0
DA:19,0
DA:20,0
DA:21,0
LF:10
LH:0
end_of_record
SF:lib/data/models/lookup/employee_match_model.dart
DA:12,0
DA:19,0
DA:20,0
LF:3
LH:0
end_of_record
SF:lib/data/models/lookup/employee_match_model.g.dart
DA:9,0
DA:10,0
DA:11,0
DA:12,0
DA:13,0
DA:14,0
DA:17,0
DA:18,0
DA:19,0
DA:20,0
DA:21,0
DA:22,0
LF:12
LH:0
end_of_record
SF:lib/data/models/status/kiosk_status_model.dart
DA:10,0
DA:15,0
DA:16,0
DA:17,0
LF:4
LH:0
end_of_record
SF:lib/data/models/status/kiosk_status_model.g.dart
DA:9,0
DA:10,0
DA:11,0
DA:12,0
DA:15,0
DA:16,0
DA:17,0
DA:18,0
LF:8
LH:0
end_of_record
SF:lib/data/network/api_service.dart
DA:14,0
DA:17,0
DA:20,0
DA:23,0
DA:32,0
DA:37,0
DA:39,0
DA:40,0
DA:48,0
DA:52,0
DA:54,0
DA:55,0
DA:62,0
DA:68,0
DA:70,0
DA:71,0
LF:16
LH:0
end_of_record
SF:lib/data/network/app_api_client.dart
DA:12,0
DA:13,0
DA:14,0
DA:15,0
DA:16,0
DA:17,0
DA:21,0
DA:30,0
LF:8
LH:0
end_of_record
SF:lib/data/network/rest_api_client.dart
DA:10,0
DA:14,0
DA:22,0
DA:28,0
DA:29,0
DA:30,0
DA:32,0
DA:33,0
DA:35,0
DA:36,0
DA:38,0
DA:39,0
DA:41,0
DA:44,0
DA:46,0
DA:50,0
DA:57,0
DA:58,0
DA:59,0
DA:60,0
DA:61,0
DA:62,0
DA:63,0
DA:64,0
DA:65,0
DA:66,0
LF:26
LH:0
end_of_record
SF:lib/data/repositories/auth_repository_impl.dart
DA:11,0
DA:13,0
DA:17,0
DA:18,0
DA:19,0
DA:20,0
DA:21,0
LF:7
LH:0
end_of_record
SF:lib/data/repositories/kiosk_repository_impl.dart
DA:17,0
DA:19,0
DA:25,0
DA:30,0
DA:31,0
DA:32,0
DA:33,0
DA:35,0
DA:36,0
DA:40,0
DA:45,0
DA:49,0
DA:50,0
DA:51,0
DA:52,0
DA:53,0
DA:54,0
DA:55,0
DA:56,0
DA:58,0
DA:59,0
DA:61,0
DA:62,0
DA:66,0
DA:73,0
DA:79,0
DA:80,0
DA:81,0
DA:82,0
DA:83,0
DA:84,0
DA:85,0
DA:86,0
DA:87,0
DA:89,0
DA:90,0
DA:91,0
DA:93,0
DA:94,0
DA:96,0
DA:97,0
LF:41
LH:0
end_of_record
